
=== Device Boot ===
4 (device5_intouch.log): 2013-05-04 05:28:13 Boot Start
**** Incomplete boot ****
=== Device Boot ===
175 (device5_intouch.log): 2013-10-26 07:45:12 Boot Start
**** Incomplete boot ****
=== Device Boot ===
388 (device5_intouch.log): 2013-11-01 12:28:32 Boot Start
**** Incomplete boot ****
=== Device Boot ===
418 (device5_intouch.log): 2013-11-01 12:31:02 Boot Start
**** Incomplete boot ****
=== Device Boot ===
449 (device5_intouch.log): 2013-11-01 13:01:47 Boot Start
**** Incomplete boot ****
=== Device Boot ===
684 (device5_intouch.log): 2013-11-02 12:27:03 Boot Start
**** Incomplete boot ****
=== Device Boot ===
715 (device5_intouch.log): 2013-11-02 12:29:34 Boot Start
**** Incomplete boot ****
=== Device Boot ===
746 (device5_intouch.log): 2013-11-02 13:01:55 Boot Start
**** Incomplete boot ****
=== Device Boot ===
976 (device5_intouch.log): 2013-11-03 12:24:47 Boot Start
**** Incomplete boot ****
=== Device Boot ===
1006 (device5_intouch.log): 2013-11-03 12:27:15 Boot Start
**** Incomplete boot ****
=== Device Boot ===
1036 (device5_intouch.log): 2013-11-03 14:01:47 Boot Start
**** Incomplete boot ****
=== Device Boot ===
1272 (device5_intouch.log): 2013-11-04 13:23:03 Boot Start
**** Incomplete boot ****
=== Device Boot ===
1302 (device5_intouch.log): 2013-11-04 13:25:35 Boot Start
**** Incomplete boot ****
=== Device Boot ===
1333 (device5_intouch.log): 2013-11-04 14:01:47 Boot Start
**** Incomplete boot ****
=== Device Boot ===
1567 (device5_intouch.log): 2013-11-05 14:01:44 Boot Start
**** Incomplete boot ****
=== Device Boot ===
1806 (device5_intouch.log): 2013-11-06 13:21:39 Boot Start
**** Incomplete boot ****
=== Device Boot ===
1836 (device5_intouch.log): 2013-11-06 13:24:10 Boot Start
**** Incomplete boot ****
=== Device Boot ===
1867 (device5_intouch.log): 2013-11-06 14:01:52 Boot Start
**** Incomplete boot ****
=== Device Boot ===
2103 (device5_intouch.log): 2013-11-07 13:21:30 Boot Start
**** Incomplete boot ****
=== Device Boot ===
2135 (device5_intouch.log): 2013-11-07 13:24:01 Boot Start
**** Incomplete boot ****
=== Device Boot ===
2166 (device5_intouch.log): 2013-11-07 14:01:51 Boot Start
**** Incomplete boot ****
=== Device Boot ===
2401 (device5_intouch.log): 2013-11-08 13:20:48 Boot Start
**** Incomplete boot ****
=== Device Boot ===
2431 (device5_intouch.log): 2013-11-08 13:23:19 Boot Start
**** Incomplete boot ****
=== Device Boot ===
2462 (device5_intouch.log): 2013-11-08 14:01:45 Boot Start
**** Incomplete boot ****
=== Device Boot ===
2697 (device5_intouch.log): 2013-11-09 14:01:55 Boot Start
**** Incomplete boot ****
=== Device Boot ===
2931 (device5_intouch.log): 2013-11-10 13:20:09 Boot Start
**** Incomplete boot ****
=== Device Boot ===
2961 (device5_intouch.log): 2013-11-10 13:22:38 Boot Start
**** Incomplete boot ****
=== Device Boot ===
2991 (device5_intouch.log): 2013-11-10 14:01:48 Boot Start
**** Incomplete boot ****
=== Device Boot ===
3225 (device5_intouch.log): 2013-11-11 13:19:47 Boot Start
**** Incomplete boot ****
=== Device Boot ===
3255 (device5_intouch.log): 2013-11-11 13:22:16 Boot Start
**** Incomplete boot ****
=== Device Boot ===
3286 (device5_intouch.log): 2013-11-11 14:01:49 Boot Start
**** Incomplete boot ****
=== Device Boot ===
3572 (device5_intouch.log): 2013-11-12 13:19:14 Boot Start
**** Incomplete boot ****
=== Device Boot ===
3602 (device5_intouch.log): 2013-11-12 13:21:44 Boot Start
**** Incomplete boot ****
=== Device Boot ===
3632 (device5_intouch.log): 2013-11-12 14:01:49 Boot Start
**** Incomplete boot ****
=== Device Boot ===
3866 (device5_intouch.log): 2013-11-13 13:18:49 Boot Start
**** Incomplete boot ****
=== Device Boot ===
3896 (device5_intouch.log): 2013-11-13 13:21:19 Boot Start
**** Incomplete boot ****
=== Device Boot ===
3926 (device5_intouch.log): 2013-11-13 14:01:49 Boot Start
**** Incomplete boot ****
=== Device Boot ===
4161 (device5_intouch.log): 2013-11-14 14:01:50 Boot Start
**** Incomplete boot ****
=== Device Boot ===
4395 (device5_intouch.log): 2013-11-15 13:18:24 Boot Start
**** Incomplete boot ****
=== Device Boot ===
4425 (device5_intouch.log): 2013-11-15 13:20:55 Boot Start
**** Incomplete boot ****
=== Device Boot ===
4456 (device5_intouch.log): 2013-11-15 14:01:51 Boot Start
**** Incomplete boot ****
=== Device Boot ===
4690 (device5_intouch.log): 2013-11-16 13:17:04 Boot Start
**** Incomplete boot ****
=== Device Boot ===
4720 (device5_intouch.log): 2013-11-16 13:19:35 Boot Start
**** Incomplete boot ****
=== Device Boot ===
4751 (device5_intouch.log): 2013-11-16 14:01:49 Boot Start
**** Incomplete boot ****
=== Device Boot ===
4985 (device5_intouch.log): 2013-11-17 13:16:12 Boot Start
**** Incomplete boot ****
=== Device Boot ===
5015 (device5_intouch.log): 2013-11-17 13:18:40 Boot Start
**** Incomplete boot ****
=== Device Boot ===
5046 (device5_intouch.log): 2013-11-17 14:01:50 Boot Start
**** Incomplete boot ****
=== Device Boot ===
5281 (device5_intouch.log): 2013-11-18 13:15:14 Boot Start
**** Incomplete boot ****
=== Device Boot ===
5311 (device5_intouch.log): 2013-11-18 13:17:47 Boot Start
**** Incomplete boot ****
=== Device Boot ===
5341 (device5_intouch.log): 2013-11-18 14:01:46 Boot Start
**** Incomplete boot ****
=== Device Boot ===
5576 (device5_intouch.log): 2013-11-19 13:14:29 Boot Start
**** Incomplete boot ****
=== Device Boot ===
5607 (device5_intouch.log): 2013-11-19 13:17:02 Boot Start
**** Incomplete boot ****
=== Device Boot ===
5637 (device5_intouch.log): 2013-11-19 14:01:46 Boot Start
**** Incomplete boot ****
=== Device Boot ===
5872 (device5_intouch.log): 2013-11-20 13:14:12 Boot Start
**** Incomplete boot ****
=== Device Boot ===
5902 (device5_intouch.log): 2013-11-20 14:01:43 Boot Start
**** Incomplete boot ****
=== Device Boot ===
6132 (device5_intouch.log): 2013-11-21 13:16:19 Boot Start
**** Incomplete boot ****
=== Device Boot ===
6162 (device5_intouch.log): 2013-11-21 13:18:49 Boot Start
**** Incomplete boot ****
=== Device Boot ===
6192 (device5_intouch.log): 2013-11-21 14:01:51 Boot Start
**** Incomplete boot ****
=== Device Boot ===
6429 (device5_intouch.log): 2013-11-22 13:15:45 Boot Start
**** Incomplete boot ****
=== Device Boot ===
6459 (device5_intouch.log): 2013-11-22 13:18:13 Boot Start
**** Incomplete boot ****
=== Device Boot ===
6490 (device5_intouch.log): 2013-11-22 14:01:52 Boot Start
**** Incomplete boot ****
=== Device Boot ===
6725 (device5_intouch.log): 2013-11-23 14:01:51 Boot Start
**** Incomplete boot ****
=== Device Boot ===
6962 (device5_intouch.log): 2013-11-24 13:15:25 Boot Start
**** Incomplete boot ****
=== Device Boot ===
6992 (device5_intouch.log): 2013-11-24 13:17:56 Boot Start
**** Incomplete boot ****
=== Device Boot ===
7023 (device5_intouch.log): 2013-11-24 14:01:42 Boot Start
**** Incomplete boot ****
=== Device Boot ===
7257 (device5_intouch.log): 2013-11-25 13:14:51 Boot Start
**** Incomplete boot ****
=== Device Boot ===
7287 (device5_intouch.log): 2013-11-25 13:17:22 Boot Start
**** Incomplete boot ****
=== Device Boot ===
7318 (device5_intouch.log): 2013-11-25 13:19:53 Boot Start
**** Incomplete boot ****
=== Device Boot ===
7323 (device5_intouch.log): 2013-11-25 14:01:54 Boot Start
**** Incomplete boot ****
=== Device Boot ===
7558 (device5_intouch.log): 2013-11-26 13:14:55 Boot Start
**** Incomplete boot ****
=== Device Boot ===
7588 (device5_intouch.log): 2013-11-26 13:17:26 Boot Start
**** Incomplete boot ****
=== Device Boot ===
7619 (device5_intouch.log): 2013-11-26 14:01:53 Boot Start
**** Incomplete boot ****
=== Device Boot ===
7853 (device5_intouch.log): 2013-11-27 13:15:01 Boot Start
**** Incomplete boot ****
=== Device Boot ===
7883 (device5_intouch.log): 2013-11-27 14:02:40 Boot Start
**** Incomplete boot ****
=== Device Boot ===
8118 (device5_intouch.log): 2013-11-28 13:12:24 Boot Start
**** Incomplete boot ****
=== Device Boot ===
8148 (device5_intouch.log): 2013-11-28 13:14:54 Boot Start
**** Incomplete boot ****
=== Device Boot ===
8179 (device5_intouch.log): 2013-11-28 13:17:25 Boot Start
**** Incomplete boot ****
=== Device Boot ===
8194 (device5_intouch.log): 2013-11-28 14:02:44 Boot Start
**** Incomplete boot ****
=== Device Boot ===
8429 (device5_intouch.log): 2013-11-29 13:09:46 Boot Start
**** Incomplete boot ****
=== Device Boot ===
8459 (device5_intouch.log): 2013-11-29 13:12:16 Boot Start
**** Incomplete boot ****
=== Device Boot ===
8490 (device5_intouch.log): 2013-11-29 14:02:40 Boot Start
**** Incomplete boot ****
=== Device Boot ===
8727 (device5_intouch.log): 2013-11-30 13:08:26 Boot Start
**** Incomplete boot ****
=== Device Boot ===
8757 (device5_intouch.log): 2013-11-30 13:10:56 Boot Start
**** Incomplete boot ****
=== Device Boot ===
8787 (device5_intouch.log): 2013-11-30 13:13:26 Boot Start
**** Incomplete boot ****
=== Device Boot ===
8805 (device5_intouch.log): 2013-11-30 14:02:40 Boot Start
**** Incomplete boot ****
=== Device Boot ===
9040 (device5_intouch.log): 2013-12-01 13:07:11 Boot Start
**** Incomplete boot ****
=== Device Boot ===
9070 (device5_intouch.log): 2013-12-01 13:09:41 Boot Start
**** Incomplete boot ****
=== Device Boot ===
9100 (device5_intouch.log): 2013-12-01 13:12:09 Boot Start
**** Incomplete boot ****
=== Device Boot ===
9118 (device5_intouch.log): 2013-12-01 14:02:38 Boot Start
**** Incomplete boot ****
=== Device Boot ===
9355 (device5_intouch.log): 2013-12-02 13:06:39 Boot Start
**** Incomplete boot ****
=== Device Boot ===
9386 (device5_intouch.log): 2013-12-02 13:09:10 Boot Start
**** Incomplete boot ****
=== Device Boot ===
9417 (device5_intouch.log): 2013-12-02 13:11:41 Boot Start
**** Incomplete boot ****
=== Device Boot ===
9435 (device5_intouch.log): 2013-12-02 14:02:40 Boot Start
**** Incomplete boot ****
=== Device Boot ===
9663 (device5_intouch.log): 2013-12-03 13:06:52 Boot Start
**** Incomplete boot ****
=== Device Boot ===
9694 (device5_intouch.log): 2013-12-03 14:02:50 Boot Start
**** Incomplete boot ****
=== Device Boot ===
9922 (device5_intouch.log): 2013-12-04 13:07:48 Boot Start
**** Incomplete boot ****
=== Device Boot ===
9953 (device5_intouch.log): 2013-12-04 13:10:18 Boot Start
**** Incomplete boot ****
=== Device Boot ===
9984 (device5_intouch.log): 2013-12-04 13:12:49 Boot Start
**** Incomplete boot ****
=== Device Boot ===
10002 (device5_intouch.log): 2013-12-04 14:02:44 Boot Start
**** Incomplete boot ****
=== Device Boot ===
10232 (device5_intouch.log): 2013-12-05 13:07:22 Boot Start
**** Incomplete boot ****
=== Device Boot ===
10262 (device5_intouch.log): 2013-12-05 13:09:53 Boot Start
**** Incomplete boot ****
=== Device Boot ===
10292 (device5_intouch.log): 2013-12-05 13:12:24 Boot Start
**** Incomplete boot ****
=== Device Boot ===
10310 (device5_intouch.log): 2013-12-05 14:02:36 Boot Start
**** Incomplete boot ****
=== Device Boot ===
10545 (device5_intouch.log): 2013-12-06 14:02:41 Boot Start
**** Incomplete boot ****
=== Device Boot ===
10774 (device5_intouch.log): 2013-12-07 13:07:25 Boot Start
**** Incomplete boot ****
=== Device Boot ===
10804 (device5_intouch.log): 2013-12-07 13:09:56 Boot Start
**** Incomplete boot ****
=== Device Boot ===
10834 (device5_intouch.log): 2013-12-07 13:12:25 Boot Start
**** Incomplete boot ****
=== Device Boot ===
10852 (device5_intouch.log): 2013-12-07 14:02:41 Boot Start
**** Incomplete boot ****
=== Device Boot ===
11079 (device5_intouch.log): 2013-12-08 13:06:49 Boot Start
**** Incomplete boot ****
=== Device Boot ===
11109 (device5_intouch.log): 2013-12-08 13:09:20 Boot Start
**** Incomplete boot ****
=== Device Boot ===
11140 (device5_intouch.log): 2013-12-08 14:02:43 Boot Start
**** Incomplete boot ****
=== Device Boot ===
11367 (device5_intouch.log): 2013-12-09 13:06:14 Boot Start
**** Incomplete boot ****
=== Device Boot ===
11397 (device5_intouch.log): 2013-12-09 13:08:45 Boot Start
**** Incomplete boot ****
=== Device Boot ===
11428 (device5_intouch.log): 2013-12-09 13:11:16 Boot Start
**** Incomplete boot ****
=== Device Boot ===
11454 (device5_intouch.log): 2013-12-09 14:02:36 Boot Start
**** Incomplete boot ****
=== Device Boot ===
11683 (device5_intouch.log): 2013-12-10 13:05:17 Boot Start
**** Incomplete boot ****
=== Device Boot ===
11714 (device5_intouch.log): 2013-12-10 13:07:47 Boot Start
**** Incomplete boot ****
=== Device Boot ===
11744 (device5_intouch.log): 2013-12-10 13:10:17 Boot Start
**** Incomplete boot ****
=== Device Boot ===
11772 (device5_intouch.log): 2013-12-10 14:02:39 Boot Start
**** Incomplete boot ****
=== Device Boot ===
12006 (device5_intouch.log): 2013-12-11 13:06:12 Boot Start
**** Incomplete boot ****
=== Device Boot ===
12036 (device5_intouch.log): 2013-12-11 13:08:41 Boot Start
**** Incomplete boot ****
=== Device Boot ===
12067 (device5_intouch.log): 2013-12-11 13:11:10 Boot Start
**** Incomplete boot ****
=== Device Boot ===
12093 (device5_intouch.log): 2013-12-11 14:02:35 Boot Start
**** Incomplete boot ****
=== Device Boot ===
12321 (device5_intouch.log): 2013-12-12 13:06:12 Boot Start
**** Incomplete boot ****
=== Device Boot ===
12351 (device5_intouch.log): 2013-12-12 13:08:44 Boot Start
**** Incomplete boot ****
=== Device Boot ===
12381 (device5_intouch.log): 2013-12-12 13:11:15 Boot Start
**** Incomplete boot ****
=== Device Boot ===
12401 (device5_intouch.log): 2013-12-12 14:02:38 Boot Start
**** Incomplete boot ****
=== Device Boot ===
12628 (device5_intouch.log): 2013-12-13 13:06:00 Boot Start
**** Incomplete boot ****
=== Device Boot ===
12659 (device5_intouch.log): 2013-12-13 14:02:44 Boot Start
**** Incomplete boot ****
=== Device Boot ===
12886 (device5_intouch.log): 2013-12-14 13:06:04 Boot Start
**** Incomplete boot ****
=== Device Boot ===
12917 (device5_intouch.log): 2013-12-14 13:08:35 Boot Start
**** Incomplete boot ****
=== Device Boot ===
12947 (device5_intouch.log): 2013-12-14 13:11:04 Boot Start
**** Incomplete boot ****
=== Device Boot ===
12976 (device5_intouch.log): 2013-12-14 14:02:42 Boot Start
**** Incomplete boot ****
=== Device Boot ===
13222 (device5_intouch.log): 2013-12-15 13:04:51 Boot Start
**** Incomplete boot ****
=== Device Boot ===
13250 (device5_intouch.log): 2013-12-15 13:07:23 Boot Start
**** Incomplete boot ****
=== Device Boot ===
13272 (device5_intouch.log): 2013-12-15 13:09:54 Boot Start
**** Incomplete boot ****
=== Device Boot ===
13301 (device5_intouch.log): 2013-12-15 14:02:43 Boot Start
**** Incomplete boot ****
=== Device Boot ===
13539 (device5_intouch.log): 2013-12-16 13:05:24 Boot Start
**** Incomplete boot ****
=== Device Boot ===
13569 (device5_intouch.log): 2013-12-16 13:07:53 Boot Start
**** Incomplete boot ****
=== Device Boot ===
13600 (device5_intouch.log): 2013-12-16 14:02:41 Boot Start
**** Incomplete boot ****
=== Device Boot ===
13850 (device5_intouch.log): 2013-12-17 14:02:38 Boot Start
**** Incomplete boot ****
=== Device Boot ===
14087 (device5_intouch.log): 2013-12-18 13:05:38 Boot Start
**** Incomplete boot ****
=== Device Boot ===
14117 (device5_intouch.log): 2013-12-18 13:08:08 Boot Start
**** Incomplete boot ****
=== Device Boot ===
14148 (device5_intouch.log): 2013-12-18 13:10:39 Boot Start
**** Incomplete boot ****
=== Device Boot ===
14179 (device5_intouch.log): 2013-12-18 14:02:34 Boot Start
**** Incomplete boot ****
=== Device Boot ===
14410 (device5_intouch.log): 2013-12-19 13:05:42 Boot Start
**** Incomplete boot ****
=== Device Boot ===
14433 (device5_intouch.log): 2013-12-19 13:08:14 Boot Start
**** Incomplete boot ****
=== Device Boot ===
14464 (device5_intouch.log): 2013-12-19 13:10:43 Boot Start
**** Incomplete boot ****
=== Device Boot ===
14495 (device5_intouch.log): 2013-12-19 14:02:36 Boot Start
**** Incomplete boot ****
=== Device Boot ===
14729 (device5_intouch.log): 2013-12-20 13:04:51 Boot Start
**** Incomplete boot ****
=== Device Boot ===
14760 (device5_intouch.log): 2013-12-20 13:07:23 Boot Start
**** Incomplete boot ****
=== Device Boot ===
14790 (device5_intouch.log): 2013-12-20 13:09:54 Boot Start
**** Incomplete boot ****
=== Device Boot ===
14820 (device5_intouch.log): 2013-12-20 14:02:35 Boot Start
**** Incomplete boot ****
=== Device Boot ===
15053 (device5_intouch.log): 2013-12-21 14:02:38 Boot Start
**** Incomplete boot ****
=== Device Boot ===
15288 (device5_intouch.log): 2013-12-22 13:03:26 Boot Start
**** Incomplete boot ****
=== Device Boot ===
15319 (device5_intouch.log): 2013-12-22 13:05:57 Boot Start
**** Incomplete boot ****
=== Device Boot ===
15346 (device5_intouch.log): 2013-12-22 13:08:28 Boot Start
**** Incomplete boot ****
=== Device Boot ===
15368 (device5_intouch.log): 2013-12-22 14:02:35 Boot Start
**** Incomplete boot ****
=== Device Boot ===
15602 (device5_intouch.log): 2013-12-23 13:03:24 Boot Start
**** Incomplete boot ****
=== Device Boot ===
15632 (device5_intouch.log): 2013-12-23 13:05:51 Boot Start
**** Incomplete boot ****
=== Device Boot ===
15665 (device5_intouch.log): 2013-12-23 13:08:21 Boot Start
**** Incomplete boot ****
=== Device Boot ===
15696 (device5_intouch.log): 2013-12-23 14:02:34 Boot Start
**** Incomplete boot ****
=== Device Boot ===
15925 (device5_intouch.log): 2013-12-24 13:03:10 Boot Start
**** Incomplete boot ****
=== Device Boot ===
15955 (device5_intouch.log): 2013-12-24 13:05:40 Boot Start
**** Incomplete boot ****
=== Device Boot ===
15985 (device5_intouch.log): 2013-12-24 13:08:09 Boot Start
**** Incomplete boot ****
=== Device Boot ===
16016 (device5_intouch.log): 2013-12-24 14:02:32 Boot Start
**** Incomplete boot ****
=== Device Boot ===
16249 (device5_intouch.log): 2013-12-25 13:02:43 Boot Start
**** Incomplete boot ****
=== Device Boot ===
16279 (device5_intouch.log): 2013-12-25 13:05:13 Boot Start
**** Incomplete boot ****
=== Device Boot ===
16309 (device5_intouch.log): 2013-12-25 13:07:44 Boot Start
**** Incomplete boot ****
=== Device Boot ===
16339 (device5_intouch.log): 2013-12-25 14:02:36 Boot Start
**** Incomplete boot ****
=== Device Boot ===
16567 (device5_intouch.log): 2013-12-26 14:02:37 Boot Start
**** Incomplete boot ****
=== Device Boot ===
16795 (device5_intouch.log): 2013-12-27 13:02:22 Boot Start
**** Incomplete boot ****
=== Device Boot ===
16826 (device5_intouch.log): 2013-12-27 13:04:52 Boot Start
**** Incomplete boot ****
=== Device Boot ===
16856 (device5_intouch.log): 2013-12-27 13:07:24 Boot Start
**** Incomplete boot ****
=== Device Boot ===
16886 (device5_intouch.log): 2013-12-27 14:02:39 Boot Start
**** Incomplete boot ****
=== Device Boot ===
17114 (device5_intouch.log): 2013-12-28 14:02:37 Boot Start
**** Incomplete boot ****
=== Device Boot ===
17341 (device5_intouch.log): 2013-12-29 14:02:39 Boot Start
**** Incomplete boot ****
=== Device Boot ===
17567 (device5_intouch.log): 2013-12-30 13:01:15 Boot Start
**** Incomplete boot ****
=== Device Boot ===
17598 (device5_intouch.log): 2013-12-30 13:03:46 Boot Start
**** Incomplete boot ****
=== Device Boot ===
17628 (device5_intouch.log): 2013-12-30 13:06:18 Boot Start
**** Incomplete boot ****
=== Device Boot ===
17658 (device5_intouch.log): 2013-12-30 14:02:36 Boot Start
**** Incomplete boot ****
=== Device Boot ===
17883 (device5_intouch.log): 2013-12-31 13:01:00 Boot Start
**** Incomplete boot ****
=== Device Boot ===
17913 (device5_intouch.log): 2013-12-31 14:02:35 Boot Start
**** Incomplete boot ****
=== Device Boot ===
18139 (device5_intouch.log): 2014-01-01 13:00:37 Boot Start
**** Incomplete boot ****
=== Device Boot ===
18169 (device5_intouch.log): 2014-01-01 13:03:07 Boot Start
**** Incomplete boot ****
=== Device Boot ===
18199 (device5_intouch.log): 2014-01-01 13:05:37 Boot Start
**** Incomplete boot ****
=== Device Boot ===
18229 (device5_intouch.log): 2014-01-01 14:02:39 Boot Start
**** Incomplete boot ****
=== Device Boot ===
18455 (device5_intouch.log): 2014-01-02 13:00:38 Boot Start
**** Incomplete boot ****
=== Device Boot ===
18489 (device5_intouch.log): 2014-01-02 13:03:08 Boot Start
**** Incomplete boot ****
=== Device Boot ===
18519 (device5_intouch.log): 2014-01-02 13:05:38 Boot Start
**** Incomplete boot ****
=== Device Boot ===
18550 (device5_intouch.log): 2014-01-02 14:02:43 Boot Start
**** Incomplete boot ****
=== Device Boot ===
18776 (device5_intouch.log): 2014-01-03 13:00:23 Boot Start
**** Incomplete boot ****
=== Device Boot ===
18807 (device5_intouch.log): 2014-01-03 13:02:55 Boot Start
**** Incomplete boot ****
=== Device Boot ===
18837 (device5_intouch.log): 2014-01-03 13:05:26 Boot Start
**** Incomplete boot ****
=== Device Boot ===
18868 (device5_intouch.log): 2014-01-03 14:02:47 Boot Start
**** Incomplete boot ****
=== Device Boot ===
19093 (device5_intouch.log): 2014-01-04 14:02:41 Boot Start
**** Incomplete boot ****
=== Device Boot ===
19319 (device5_intouch.log): 2014-01-05 12:59:51 Boot Start
**** Incomplete boot ****
=== Device Boot ===
19351 (device5_intouch.log): 2014-01-05 14:02:35 Boot Start
**** Incomplete boot ****
=== Device Boot ===
19577 (device5_intouch.log): 2014-01-06 14:02:37 Boot Start
**** Incomplete boot ****
=== Device Boot ===
19803 (device5_intouch.log): 2014-01-07 12:59:24 Boot Start
**** Incomplete boot ****
=== Device Boot ===
19835 (device5_intouch.log): 2014-01-07 13:01:54 Boot Start
**** Incomplete boot ****
=== Device Boot ===
19940 (device5_intouch.log): 2014-01-07 14:02:30 Boot Start
**** Incomplete boot ****
=== Device Boot ===
20165 (device5_intouch.log): 2014-01-08 12:58:49 Boot Start
**** Incomplete boot ****
=== Device Boot ===
20195 (device5_intouch.log): 2014-01-08 13:01:20 Boot Start
**** Incomplete boot ****
=== Device Boot ===
20226 (device5_intouch.log): 2014-01-08 13:03:51 Boot Start
**** Incomplete boot ****
=== Device Boot ===
20256 (device5_intouch.log): 2014-01-08 14:02:41 Boot Start
**** Incomplete boot ****
=== Device Boot ===
20481 (device5_intouch.log): 2014-01-09 12:58:48 Boot Start
**** Incomplete boot ****
=== Device Boot ===
20511 (device5_intouch.log): 2014-01-09 14:02:35 Boot Start
**** Incomplete boot ****
=== Device Boot ===
20737 (device5_intouch.log): 2014-01-10 12:57:42 Boot Start
**** Incomplete boot ****
=== Device Boot ===
20767 (device5_intouch.log): 2014-01-10 13:00:12 Boot Start
**** Incomplete boot ****
=== Device Boot ===
20797 (device5_intouch.log): 2014-01-10 13:02:41 Boot Start
**** Incomplete boot ****
=== Device Boot ===
20828 (device5_intouch.log): 2014-01-10 14:02:36 Boot Start
**** Incomplete boot ****
=== Device Boot ===
21053 (device5_intouch.log): 2014-01-11 12:58:03 Boot Start
**** Incomplete boot ****
=== Device Boot ===
21169 (device5_intouch.log): 2014-01-11 14:02:43 Boot Start
**** Incomplete boot ****
=== Device Boot ===
21394 (device5_intouch.log): 2014-01-12 12:58:11 Boot Start
**** Incomplete boot ****
=== Device Boot ===
21424 (device5_intouch.log): 2014-01-12 13:00:42 Boot Start
**** Incomplete boot ****
=== Device Boot ===
21454 (device5_intouch.log): 2014-01-12 13:03:13 Boot Start
**** Incomplete boot ****
=== Device Boot ===
21484 (device5_intouch.log): 2014-01-12 14:02:32 Boot Start
**** Incomplete boot ****
=== Device Boot ===
21709 (device5_intouch.log): 2014-01-13 14:02:40 Boot Start
**** Incomplete boot ****
=== Device Boot ===
22015 (device5_intouch.log): 2014-01-14 12:57:11 Boot Start
**** Incomplete boot ****
=== Device Boot ===
22046 (device5_intouch.log): 2014-01-14 12:59:43 Boot Start
**** Incomplete boot ****
=== Device Boot ===
22153 (device5_intouch.log): 2014-01-14 14:02:45 Boot Start
**** Incomplete boot ****
=== Device Boot ===
22378 (device5_intouch.log): 2014-01-15 12:57:05 Boot Start
**** Incomplete boot ****
=== Device Boot ===
22408 (device5_intouch.log): 2014-01-15 12:59:37 Boot Start
**** Incomplete boot ****
=== Device Boot ===
22440 (device5_intouch.log): 2014-01-15 13:02:08 Boot Start
**** Incomplete boot ****
=== Device Boot ===
22470 (device5_intouch.log): 2014-01-15 14:02:42 Boot Start
**** Incomplete boot ****
=== Device Boot ===
22754 (device5_intouch.log): 2014-01-16 12:53:32 Boot Start
**** Incomplete boot ****
=== Device Boot ===
22781 (device5_intouch.log): 2014-01-16 12:56:03 Boot Start
**** Incomplete boot ****
=== Device Boot ===
22803 (device5_intouch.log): 2014-01-16 12:58:33 Boot Start
**** Incomplete boot ****
=== Device Boot ===
22833 (device5_intouch.log): 2014-01-16 13:01:04 Boot Start
**** Incomplete boot ****
=== Device Boot ===
22864 (device5_intouch.log): 2014-01-16 14:02:42 Boot Start
**** Incomplete boot ****
=== Device Boot ===
23089 (device5_intouch.log): 2014-01-17 12:52:14 Boot Start
**** Incomplete boot ****
=== Device Boot ===
23120 (device5_intouch.log): 2014-01-17 12:54:46 Boot Start
**** Incomplete boot ****
=== Device Boot ===
23150 (device5_intouch.log): 2014-01-17 12:57:18 Boot Start
**** Incomplete boot ****
=== Device Boot ===
23180 (device5_intouch.log): 2014-01-17 12:59:45 Boot Start
**** Incomplete boot ****
=== Device Boot ===
23213 (device5_intouch.log): 2014-01-17 14:02:40 Boot Start
**** Incomplete boot ****
=== Device Boot ===
23561 (device5_intouch.log): 2014-01-18 12:55:53 Boot Start
**** Incomplete boot ****
=== Device Boot ===
23591 (device5_intouch.log): 2014-01-18 12:58:25 Boot Start
**** Incomplete boot ****
=== Device Boot ===
23621 (device5_intouch.log): 2014-01-18 13:00:56 Boot Start
**** Incomplete boot ****
=== Device Boot ===
23652 (device5_intouch.log): 2014-01-18 13:03:27 Boot Start
**** Incomplete boot ****
=== Device Boot ===
23670 (device5_intouch.log): 2014-01-18 14:02:38 Boot Start
**** Incomplete boot ****
=== Device Boot ===
24087 (device5_intouch.log): 2014-01-19 12:55:50 Boot Start
**** Incomplete boot ****
=== Device Boot ===
24117 (device5_intouch.log): 2014-01-19 12:58:21 Boot Start
**** Incomplete boot ****
=== Device Boot ===
24148 (device5_intouch.log): 2014-01-19 13:00:52 Boot Start
**** Incomplete boot ****
=== Device Boot ===
24178 (device5_intouch.log): 2014-01-19 13:03:23 Boot Start
**** Incomplete boot ****
=== Device Boot ===
24194 (device5_intouch.log): 2014-01-19 14:02:41 Boot Start
**** Incomplete boot ****
=== Device Boot ===
24817 (device5_intouch.log): 2014-01-20 12:54:08 Boot Start
**** Incomplete boot ****
=== Device Boot ===
24847 (device5_intouch.log): 2014-01-20 12:56:38 Boot Start
**** Incomplete boot ****
=== Device Boot ===
24877 (device5_intouch.log): 2014-01-20 14:02:43 Boot Start
**** Incomplete boot ****
=== Device Boot ===
25808 (device5_intouch.log): 2014-01-21 12:47:52 Boot Start
**** Incomplete boot ****
=== Device Boot ===
25838 (device5_intouch.log): 2014-01-21 12:50:20 Boot Start
**** Incomplete boot ****
=== Device Boot ===
25868 (device5_intouch.log): 2014-01-21 12:52:52 Boot Start
**** Incomplete boot ****
=== Device Boot ===
25899 (device5_intouch.log): 2014-01-21 12:55:23 Boot Start
**** Incomplete boot ****
=== Device Boot ===
25930 (device5_intouch.log): 2014-01-21 14:02:42 Boot Start
**** Incomplete boot ****
=== Device Boot ===
26727 (device5_intouch.log): 2014-01-22 14:02:41 Boot Start
**** Incomplete boot ****
=== Device Boot ===
27642 (device5_intouch.log): 2014-01-23 12:48:20 Boot Start
**** Incomplete boot ****
=== Device Boot ===
27673 (device5_intouch.log): 2014-01-23 12:50:52 Boot Start
**** Incomplete boot ****
=== Device Boot ===
27703 (device5_intouch.log): 2014-01-23 12:53:23 Boot Start
**** Incomplete boot ****
=== Device Boot ===
27733 (device5_intouch.log): 2014-01-23 14:02:37 Boot Start
**** Incomplete boot ****
=== Device Boot ===
28640 (device5_intouch.log): 2014-01-24 12:34:18 Boot Start
**** Incomplete boot ****
=== Device Boot ===
28671 (device5_intouch.log): 2014-01-24 12:36:50 Boot Start
**** Incomplete boot ****
=== Device Boot ===
28701 (device5_intouch.log): 2014-01-24 12:39:18 Boot Start
**** Incomplete boot ****
=== Device Boot ===
28731 (device5_intouch.log): 2014-01-24 12:41:51 Boot Start
**** Incomplete boot ****
=== Device Boot ===
28761 (device5_intouch.log): 2014-01-24 14:02:39 Boot Start
**** Incomplete boot ****
=== Device Boot ===
29708 (device5_intouch.log): 2014-01-25 12:17:07 Boot Start
**** Incomplete boot ****
=== Device Boot ===
29738 (device5_intouch.log): 2014-01-25 12:19:38 Boot Start
**** Incomplete boot ****
=== Device Boot ===
29768 (device5_intouch.log): 2014-01-25 12:22:08 Boot Start
**** Incomplete boot ****
=== Device Boot ===
29798 (device5_intouch.log): 2014-01-25 12:24:38 Boot Start
**** Incomplete boot ****
=== Device Boot ===
29829 (device5_intouch.log): 2014-01-25 14:02:38 Boot Start
**** Incomplete boot ****
=== Device Boot ===
31063 (device5_intouch.log): 2014-01-26 09:55:07 Boot Start
31176 (device5_intouch.log): 2014-01-26 09:58:04 Boot Completed
	Boot Time: 177000.0ms
=== Device Boot ===
31274 (device5_intouch.log): 2014-01-26 12:15:18 Boot Start
**** Incomplete boot ****
=== Device Boot ===
31293 (device5_intouch.log): 2014-01-26 14:02:39 Boot Start
31401 (device5_intouch.log): 2014-01-26 14:05:24 Boot Completed
	Boot Time: 165000.0ms
=== Device Boot ===
32623 (device5_intouch.log): 2014-01-27 12:27:55 Boot Start
**** Incomplete boot ****
=== Device Boot ===
32641 (device5_intouch.log): 2014-01-27 12:30:23 Boot Start
**** Incomplete boot ****
=== Device Boot ===
32656 (device5_intouch.log): 2014-01-27 12:32:51 Boot Start
**** Incomplete boot ****
=== Device Boot ===
32674 (device5_intouch.log): 2014-01-27 12:35:19 Boot Start
**** Incomplete boot ****
=== Device Boot ===
32693 (device5_intouch.log): 2014-01-27 14:02:38 Boot Start
32801 (device5_intouch.log): 2014-01-27 14:05:21 Boot Completed
	Boot Time: 163000.0ms
=== Device Boot ===
33709 (device5_intouch.log): 2014-01-28 12:44:17 Boot Start
**** Incomplete boot ****
=== Device Boot ===
33725 (device5_intouch.log): 2014-01-28 14:02:33 Boot Start
33833 (device5_intouch.log): 2014-01-28 14:05:15 Boot Completed
	Boot Time: 162000.0ms
=== Device Boot ===
34594 (device5_intouch.log): 2014-01-29 12:43:07 Boot Start
**** Incomplete boot ****
=== Device Boot ===
34613 (device5_intouch.log): 2014-01-29 14:02:35 Boot Start
34721 (device5_intouch.log): 2014-01-29 14:05:19 Boot Completed
	Boot Time: 164000.0ms
=== Device Boot ===
37428 (device5_intouch.log): 2014-01-30 12:43:05 Boot Start
**** Incomplete boot ****
=== Device Boot ===
37447 (device5_intouch.log): 2014-01-30 14:02:40 Boot Start
37555 (device5_intouch.log): 2014-01-30 14:05:22 Boot Completed
	Boot Time: 162000.0ms
=== Device Boot ===
38258 (device5_intouch.log): 2014-01-31 14:02:33 Boot Start
38366 (device5_intouch.log): 2014-01-31 14:05:16 Boot Completed
	Boot Time: 163000.0ms
=== Device Boot ===
39150 (device5_intouch.log): 2014-02-01 12:39:38 Boot Start
**** Incomplete boot ****
=== Device Boot ===
39166 (device5_intouch.log): 2014-02-01 12:42:07 Boot Start
**** Incomplete boot ****
=== Device Boot ===
39182 (device5_intouch.log): 2014-02-01 14:02:32 Boot Start
39290 (device5_intouch.log): 2014-02-01 14:05:16 Boot Completed
	Boot Time: 164000.0ms
=== Device Boot ===
40288 (device5_intouch.log): 2014-02-02 14:02:39 Boot Start
40397 (device5_intouch.log): 2014-02-02 14:05:31 Boot Completed
	Boot Time: 172000.0ms
=== Device Boot ===
41615 (device5_intouch.log): 2014-02-03 12:35:55 Boot Start
**** Incomplete boot ****
=== Device Boot ===
41633 (device5_intouch.log): 2014-02-03 12:38:22 Boot Start
**** Incomplete boot ****
=== Device Boot ===
41648 (device5_intouch.log): 2014-02-03 12:40:48 Boot Start
**** Incomplete boot ****
=== Device Boot ===
41666 (device5_intouch.log): 2014-02-03 12:43:17 Boot Start
**** Incomplete boot ****
=== Device Boot ===
41684 (device5_intouch.log): 2014-02-03 12:45:46 Boot Start
**** Incomplete boot ****
=== Device Boot ===
41694 (device5_intouch.log): 2014-02-03 14:02:34 Boot Start
41802 (device5_intouch.log): 2014-02-03 14:05:18 Boot Completed
	Boot Time: 164000.0ms